2024-10-24 06:51:00,616 - __main__ - INFO - Sending initial data: {'tags': ['language'], 'concepts': ['', '0', 'Adam', 'Name', 'hello', 'method', 'nothing', 'science', 'scientific', 'something', 'test', 'world', 'zero'], 'graph': {'nodes': [{'id': 'hello', 'size': 22}, {'id': 'world', 'size': 22}, {'id': 'test', 'size': 8}, {'id': 'science', 'size': 7}, {'id': 'scientific', 'size': 7}, {'id': 'method', 'size': 6}, {'id': '', 'size': 16}, {'id': 'nothing', 'size': 7}, {'id': 'zero', 'size': 7}, {'id': '0', 'size': 7}, {'id': 'something', 'size': 6}, {'id': 'Name', 'size': 6}, {'id': 'Adam', 'size': 6}], 'links': [{'source': 'hello', 'target': 'world', 'tag': '', 'trust': 0.8999999999999999}, {'source': 'hello', 'target': 'world', 'tag': '', 'trust': 0.5}, {'source': 'hello', 'target': 'world', 'tag': 'language', 'trust': 0.5}, {'source': 'hello', 'target': 'world', 'tag': 'language', 'trust': 0.5}, {'source': 'hello', 'target': 'world', 'tag': 'language', 'trust': 0.5}, {'source': 'hello', 'target': 'world', 'tag': 'language', 'trust': 0.5}, {'source': 'hello', 'target': 'world', 'tag': 'language', 'trust': 0.5}, {'source': 'hello', 'target': 'world', 'tag': 'language', 'trust': 0.5}, {'source': 'hello', 'target': 'world', 'tag': 'language', 'trust': 0.5}, {'source': 'hello', 'target': 'world', 'tag': '', 'trust': 0.5}, {'source': 'hello', 'target': 'world', 'tag': 'language', 'trust': 0.45}, {'source': 'hello', 'target': 'world', 'tag': 'language', 'trust': 0.45}, {'source': 'hello', 'target': 'world', 'tag': 'language', 'trust': 0.55}, {'source': 'hello', 'target': 'world', 'tag': 'language', 'trust': 0.55}, {'source': 'hello', 'target': 'world', 'tag': 'language', 'trust': 0.55}, {'source': 'hello', 'target': 'world', 'tag': 'language', 'trust': 0.65}, {'source': 'hello', 'target': 'world', 'tag': '', 'trust': 0.5}, {'source': 'test', 'target': 'test', 'tag': '', 'trust': 0.5}, {'source': 'science', 'target': 'test', 'tag': '', 'trust': 0.5}, {'source': 'science', 'target': 'scientific', 'tag': '', 'trust': 0.5}, {'source': 'scientific', 'target': 'method', 'tag': '', 'trust': 0.6}, {'source': '', 'target': '', 'tag': '', 'trust': 0.5}, {'source': '', 'target': '', 'tag': '', 'trust': 0.5}, {'source': '', 'target': '', 'tag': '', 'trust': 0.5}, {'source': '', 'target': '', 'tag': '', 'trust': 0.5}, {'source': '', 'target': '', 'tag': '', 'trust': 0.5}, {'source': '', 'target': '0', 'tag': '', 'trust': 1.0}, {'source': 'nothing', 'target': 'zero', 'tag': '', 'trust': 1.0}, {'source': 'zero', 'target': '0', 'tag': '', 'trust': 0.5}, {'source': 'something', 'target': 'nothing', 'tag': '', 'trust': -1.0}, {'source': 'Name', 'target': 'Adam', 'tag': '', 'trust': 0.5}]}}
2024-10-24 06:51:20,396 - __main__ - INFO - Received make_decision request: {'query': 'What do you think of me?', 'tag': ''}
2024-10-24 06:51:20,396 - __main__ - INFO - Decision result: I don't have enough information to make a decision about that.
2024-10-24 06:55:51,680 - __main__ - INFO - AI is thinking...
2024-10-24 06:55:51,680 - __main__ - INFO - Starting the application
2024-10-24 06:55:52,038 - __main__ - INFO - AI is thinking...
2024-10-24 06:55:52,039 - __main__ - INFO - Starting the application
2024-10-24 06:56:31,551 - __main__ - INFO - AI is thinking...
2024-10-24 06:56:31,552 - __main__ - INFO - Starting the application
2024-10-24 06:56:33,867 - __main__ - INFO - AI is thinking...
2024-10-24 06:56:33,868 - __main__ - INFO - Starting the application
2024-10-24 06:56:34,233 - __main__ - INFO - AI is thinking...
2024-10-24 06:56:34,234 - __main__ - INFO - Starting the application
2024-10-24 06:57:10,097 - __main__ - INFO - AI is thinking...
2024-10-24 06:57:10,097 - __main__ - INFO - Starting the application
2024-10-24 06:57:10,516 - __main__ - INFO - AI is thinking...
2024-10-24 06:57:10,516 - __main__ - INFO - Starting the application
2024-10-24 06:57:53,139 - __main__ - INFO - AI is thinking...
2024-10-24 06:57:53,141 - __main__ - INFO - Starting the application
2024-10-24 06:57:56,454 - __main__ - INFO - Client connected
2024-10-24 06:57:56,458 - __main__ - INFO - Sending initial data: {'tags': [], 'concepts': [], 'graph': {'nodes': [], 'links': []}}
2024-10-24 06:57:59,002 - __main__ - INFO - AI is thinking...
2024-10-24 06:57:59,002 - __main__ - INFO - Starting the application
2024-10-24 06:57:59,401 - __main__ - INFO - AI is thinking...
2024-10-24 06:57:59,401 - __main__ - INFO - Starting the application
2024-10-24 06:58:00,013 - __main__ - INFO - Client connected
2024-10-24 06:58:00,015 - __main__ - INFO - Sending initial data: {'tags': [], 'concepts': [], 'graph': {'nodes': [], 'links': []}}
2024-10-24 06:58:37,803 - __main__ - INFO - AI is thinking...
2024-10-24 06:58:37,803 - __main__ - INFO - Starting the application
2024-10-24 06:58:37,803 - __main__ - INFO - Thinking process completed
2024-10-24 06:58:38,827 - __main__ - INFO - AI is thinking...
2024-10-24 06:58:38,827 - __main__ - INFO - Starting the application
2024-10-24 06:58:38,828 - __main__ - INFO - Thinking process completed
2024-10-24 06:58:39,180 - __main__ - INFO - AI is thinking...
2024-10-24 06:58:39,180 - __main__ - INFO - Starting the application
2024-10-24 06:58:39,181 - __main__ - INFO - Thinking process completed
2024-10-24 06:58:40,482 - __main__ - INFO - Client connected
2024-10-24 06:58:40,483 - __main__ - INFO - Sending initial data: {'tags': [], 'concepts': [], 'graph': {'nodes': [], 'links': []}}
2024-10-24 06:59:04,999 - __main__ - INFO - AI is thinking...
2024-10-24 06:59:04,999 - __main__ - INFO - Starting the application
2024-10-24 06:59:05,000 - __main__ - INFO - Thinking process completed
2024-10-24 06:59:05,549 - __main__ - INFO - Client connected
2024-10-24 06:59:05,551 - __main__ - INFO - Sending initial data: {'tags': [], 'concepts': [], 'graph': {'nodes': [], 'links': []}}
2024-10-24 06:59:17,107 - __main__ - INFO - AI is thinking...
2024-10-24 06:59:17,108 - __main__ - INFO - Starting the application
2024-10-24 06:59:17,109 - __main__ - INFO - Thinking process completed
2024-10-24 06:59:17,484 - __main__ - INFO - Client connected
2024-10-24 06:59:17,485 - __main__ - INFO - Sending initial data: {'tags': [], 'concepts': [], 'graph': {'nodes': [], 'links': []}}
2024-10-24 06:59:21,013 - __main__ - INFO - Client disconnected
2024-10-24 06:59:21,290 - __main__ - INFO - Client connected
2024-10-24 06:59:21,291 - __main__ - INFO - Sending initial data: {'tags': [], 'concepts': [], 'graph': {'nodes': [], 'links': []}}
2024-10-24 06:59:35,274 - __main__ - INFO - Client disconnected
2024-10-24 06:59:35,534 - __main__ - INFO - Client connected
2024-10-24 06:59:35,535 - __main__ - INFO - Sending initial data: {'tags': [], 'concepts': ['hello', 'world'], 'graph': {'nodes': [{'id': 'hello', 'size': 6}, {'id': 'world', 'size': 6}], 'links': [{'source': 'hello', 'target': 'world', 'tag': '', 'trust': 0.5}]}}
2024-10-24 07:00:43,438 - __main__ - INFO - Client disconnected
